<?xml version="1.0" encoding="UTF-8"?>
<testng-results total="0" passed="0" failed="0" skipped="0">
  <reporter-output>
  </reporter-output>
  <suite started-at="2020-03-03T11:08:32Z" name="arvato.assignment.RunCucumberTest" finished-at="2020-03-03T11:08:32Z" duration-ms="2">
    <groups>
    </groups>
    <test started-at="2020-03-03T11:08:32Z" name="Command line test" finished-at="2020-03-03T11:08:32Z" duration-ms="2">
    </test> <!-- Command line test -->
  </suite> <!-- arvato.assignment.RunCucumberTest -->
</testng-results>
